app/build/intermediates/manifest_merge_blame_file/release/manifest-merger-blame-release-report.txt
1<?xml version="1.0" encoding="utf-8"?>
2<manifest xmlns:android="http://schemas.android.com/apk/res/android"
3    package="net.sytes.planealo.deudaconsulta"
4    android:versionCode="1"
5    android:versionName="1.0" >
6
7    <uses-sdk
8        android:minSdkVersion="23"
9        android:targetSdkVersion="34" />
10
11    <uses-permission android:name="android.permission.INTERNET" />
11-->src\main\AndroidManifest.xml:5:5-67
11-->src\main\AndroidManifest.xml:5:22-64
12    <uses-permission android:name="android.permission.ACCESS_NETWORK_STATE" />
12-->src\main\AndroidManifest.xml:6:5-79
12-->src\main\AndroidManifest.xml:6:22-76
13
14    <permission
14-->[androidx.core:core:1.13.1] AndroidManifest.xml:22:5-24:47
15        android:name="net.sytes.planealo.deudaconsulta.DYNAMIC_RECEIVER_NOT_EXPORTED_PERMISSION"
15-->[androidx.core:core:1.13.1] AndroidManifest.xml:23:9-81
16        android:protectionLevel="signature" />
16-->[androidx.core:core:1.13.1] AndroidManifest.xml:24:9-44
17
18    <uses-permission android:name="net.sytes.planealo.deudaconsulta.DYNAMIC_RECEIVER_NOT_EXPORTED_PERMISSION" />
18-->[androidx.core:core:1.13.1] AndroidManifest.xml:26:5-97
18-->[androidx.core:core:1.13.1] AndroidManifest.xml:26:22-94
19
20    <application
20-->src\main\AndroidManifest.xml:8:5-24:19
21        android:allowBackup="true"
21-->src\main\AndroidManifest.xml:9:9-35
22        android:appComponentFactory="androidx.core.app.CoreComponentFactory"
22-->[androidx.core:core:1.13.1] AndroidManifest.xml:28:18-86
23        android:extractNativeLibs="false"
24        android:icon="@mipmap/ic_launcher"
24-->src\main\AndroidManifest.xml:10:9-43
25        android:label="@string/app_name"
25-->src\main\AndroidManifest.xml:11:9-41
26        android:roundIcon="@mipmap/ic_launcher_round"
26-->src\main\AndroidManifest.xml:12:9-54
27        android:supportsRtl="true"
27-->src\main\AndroidManifest.xml:13:9-35
28        android:theme="@style/Theme.Material3.DayNight" >
28-->src\main\AndroidManifest.xml:14:9-56
29        <activity
29-->src\main\AndroidManifest.xml:16:9-23:20
30            android:name="net.sytes.planealo.deudaconsulta.ui.MainActivity"
30-->src\main\AndroidManifest.xml:17:13-44
31            android:exported="true" >
31-->src\main\AndroidManifest.xml:18:13-36
32            <intent-filter>
32-->src\main\AndroidManifest.xml:19:13-22:29
33                <action android:name="android.intent.action.MAIN" />
33-->src\main\AndroidManifest.xml:20:17-69
33-->src\main\AndroidManifest.xml:20:25-66
34
35                <category android:name="android.intent.category.LAUNCHER" />
35-->src\main\AndroidManifest.xml:21:17-77
35-->src\main\AndroidManifest.xml:21:27-74
36            </intent-filter>
37        </activity>
38
39        <provider
39-->[androidx.emoji2:emoji2:1.3.0] AndroidManifest.xml:24:9-32:20
40            android:name="androidx.startup.InitializationProvider"
40-->[androidx.emoji2:emoji2:1.3.0] AndroidManifest.xml:25:13-67
41            android:authorities="net.sytes.planealo.deudaconsulta.androidx-startup"
41-->[androidx.emoji2:emoji2:1.3.0] AndroidManifest.xml:26:13-68
42            android:exported="false" >
42-->[androidx.emoji2:emoji2:1.3.0] AndroidManifest.xml:27:13-37
43            <meta-data
43-->[androidx.emoji2:emoji2:1.3.0] AndroidManifest.xml:29:13-31:52
44                android:name="androidx.emoji2.text.EmojiCompatInitializer"
44-->[androidx.emoji2:emoji2:1.3.0] AndroidManifest.xml:30:17-75
45                android:value="androidx.startup" />
45-->[androidx.emoji2:emoji2:1.3.0] AndroidManifest.xml:31:17-49
46            <meta-data
46-->[androidx.lifecycle:lifecycle-process:2.8.3] AndroidManifest.xml:29:13-31:52
47                android:name="androidx.lifecycle.ProcessLifecycleInitializer"
47-->[androidx.lifecycle:lifecycle-process:2.8.3] AndroidManifest.xml:30:17-78
48                android:value="androidx.startup" />
48-->[androidx.lifecycle:lifecycle-process:2.8.3] AndroidManifest.xml:31:17-49
49            <meta-data
49-->[androidx.profileinstaller:profileinstaller:1.3.1] AndroidManifest.xml:29:13-31:52
50                android:name="androidx.profileinstaller.ProfileInstallerInitializer"
50-->[androidx.profileinstaller:profileinstaller:1.3.1] AndroidManifest.xml:30:17-85
51                android:value="androidx.startup" />
51-->[androidx.profileinstaller:profileinstaller:1.3.1] AndroidManifest.xml:31:17-49
52        </provider>
53
54        <meta-data
54-->[com.google.android.gms:play-services-basement:18.1.0] AndroidManifest.xml:21:9-23:69
55            android:name="com.google.android.gms.version"
55-->[com.google.android.gms:play-services-basement:18.1.0] AndroidManifest.xml:22:13-58
56            android:value="@integer/google_play_services_version" />
56-->[com.google.android.gms:play-services-basement:18.1.0] AndroidManifest.xml:23:13-66
57
58        <service
58-->[androidx.room:room-runtime:2.6.1] AndroidManifest.xml:24:9-28:63
59            android:name="androidx.room.MultiInstanceInvalidationService"
59-->[androidx.room:room-runtime:2.6.1] AndroidManifest.xml:25:13-74
60            android:directBootAware="true"
60-->[androidx.room:room-runtime:2.6.1] AndroidManifest.xml:26:13-43
61            android:exported="false" />
61-->[androidx.room:room-runtime:2.6.1] AndroidManifest.xml:27:13-37
62
63        <receiver
63-->[androidx.profileinstaller:profileinstaller:1.3.1] AndroidManifest.xml:34:9-52:20
64            android:name="androidx.profileinstaller.ProfileInstallReceiver"
64-->[androidx.profileinstaller:profileinstaller:1.3.1] AndroidManifest.xml:35:13-76
65            android:directBootAware="false"
65-->[androidx.profileinstaller:profileinstaller:1.3.1] AndroidManifest.xml:36:13-44
66            android:enabled="true"
66-->[androidx.profileinstaller:profileinstaller:1.3.1] AndroidManifest.xml:37:13-35
67            android:exported="true"
67-->[androidx.profileinstaller:profileinstaller:1.3.1] AndroidManifest.xml:38:13-36
68            android:permission="android.permission.DUMP" >
68-->[androidx.profileinstaller:profileinstaller:1.3.1] AndroidManifest.xml:39:13-57
69            <intent-filter>
69-->[androidx.profileinstaller:profileinstaller:1.3.1] AndroidManifest.xml:40:13-42:29
70                <action android:name="androidx.profileinstaller.action.INSTALL_PROFILE" />
70-->[androidx.profileinstaller:profileinstaller:1.3.1] AndroidManifest.xml:41:17-91
70-->[androidx.profileinstaller:profileinstaller:1.3.1] AndroidManifest.xml:41:25-88
71            </intent-filter>
72            <intent-filter>
72-->[androidx.profileinstaller:profileinstaller:1.3.1] AndroidManifest.xml:43:13-45:29
73                <action android:name="androidx.profileinstaller.action.SKIP_FILE" />
73-->[androidx.profileinstaller:profileinstaller:1.3.1] AndroidManifest.xml:44:17-85
73-->[androidx.profileinstaller:profileinstaller:1.3.1] AndroidManifest.xml:44:25-82
74            </intent-filter>
75            <intent-filter>
75-->[androidx.profileinstaller:profileinstaller:1.3.1] AndroidManifest.xml:46:13-48:29
76                <action android:name="androidx.profileinstaller.action.SAVE_PROFILE" />
76-->[androidx.profileinstaller:profileinstaller:1.3.1] AndroidManifest.xml:47:17-88
76-->[androidx.profileinstaller:profileinstaller:1.3.1] AndroidManifest.xml:47:25-85
77            </intent-filter>
78            <intent-filter>
78-->[androidx.profileinstaller:profileinstaller:1.3.1] AndroidManifest.xml:49:13-51:29
79                <action android:name="androidx.profileinstaller.action.BENCHMARK_OPERATION" />
79-->[androidx.profileinstaller:profileinstaller:1.3.1] AndroidManifest.xml:50:17-95
79-->[androidx.profileinstaller:profileinstaller:1.3.1] AndroidManifest.xml:50:25-92
80            </intent-filter>
81        </receiver> <!-- The activities will be merged into the manifest of the hosting app. -->
82        <activity
82-->[com.google.android.play:core-common:2.0.2] AndroidManifest.xml:14:9-18:65
83            android:name="com.google.android.play.core.common.PlayCoreDialogWrapperActivity"
83-->[com.google.android.play:core-common:2.0.2] AndroidManifest.xml:15:13-93
84            android:exported="false"
84-->[com.google.android.play:core-common:2.0.2] AndroidManifest.xml:16:13-37
85            android:stateNotNeeded="true"
85-->[com.google.android.play:core-common:2.0.2] AndroidManifest.xml:17:13-42
86            android:theme="@style/Theme.PlayCore.Transparent" />
86-->[com.google.android.play:core-common:2.0.2] AndroidManifest.xml:18:13-62
87    </application>
88
89</manifest>